<testsuites id="" name="" tests="1" failures="1" skipped="0" errors="0" time="27.028861000000035">
<testsuite name="api/aapiPermalink.spec.ts" timestamp="1669980325575" hostname="" tests="1" failures="1" skipped="0" time="23.747" errors="0">
<testcase name=" api test permalink set " classname="[chromium] › api/aapiPermalink.spec.ts ›  api test › permalink set " time="23.747">
<failure message="aapiPermalink.spec.ts:17:5 permalink set " type="FAILURE">
<![CDATA[  [chromium] › api/aapiPermalink.spec.ts:17:5 ›  api test › permalink set  =========================

    page.hover: Timeout 20000ms exceeded.
    =========================== logs ===========================
    waiting for selector ".menu-icon-settings .wp-menu-name"
    ============================================================

       at ../pages/basePage.ts:264

      262 |     // hover on selector
      263 |     async hover(selector: string): Promise<void> {
    > 264 |         await this.page.hover(selector, { timeout: 20000 })
          |                         ^
      265 |         await this.wait(1)
      266 |     }
      267 |

        at AdminPage.hover (/home/runner/work/dokan/dokan/tests/e2e/pages/basePage.ts:264:25)
        at AdminPage.setPermalinkSettings (/home/runner/work/dokan/dokan/tests/e2e/pages/adminPage.ts:74:20)
        at /home/runner/work/dokan/dokan/tests/e2e/tests/api/aapiPermalink.spec.ts:21:25
        at /home/runner/work/dokan/dokan/tests/e2e/node_modules/@playwright/test/lib/workerRunner.js:426:9
        at TestInfoImpl._runFn (/home/runner/work/dokan/dokan/tests/e2e/node_modules/@playwright/test/lib/testInfo.js:166:7)
        at /home/runner/work/dokan/dokan/tests/e2e/node_modules/@playwright/test/lib/workerRunner.js:376:26
        at TimeoutManager.runWithTimeout (/home/runner/work/dokan/dokan/tests/e2e/node_modules/@playwright/test/lib/timeoutManager.js:73:7)
        at TestInfoImpl._runWithTimeout (/home/runner/work/dokan/dokan/tests/e2e/node_modules/@playwright/test/lib/testInfo.js:154:26)
        at WorkerRunner._runTest (/home/runner/work/dokan/dokan/tests/e2e/node_modules/@playwright/test/lib/workerRunner.js:356:5)
        at WorkerRunner.runTestGroup (/home/runner/work/dokan/dokan/tests/e2e/node_modules/@playwright/test/lib/workerRunner.js:218:11)
        at process.<anonymous> (/home/runner/work/dokan/dokan/tests/e2e/node_modules/@playwright/test/lib/worker.js:88:5)

    attachment #1: screenshot (image/png) ----------------------------------------------------------
    test-results/api-aapiPermalink--api-test-permalink-set--chromium/test-failed-1.png
    ------------------------------------------------------------------------------------------------
]]>
</failure>
<system-out>
<![CDATA[
[[ATTACHMENT|../test-results/api-aapiPermalink--api-test-permalink-set--chromium/test-failed-1.png]]
]]>
</system-out>
</testcase>
</testsuite>
</testsuites>